0 verbose cli C:\Program Files\nodejs\node.exe C:\Users\dylan\AppData\Roaming\npm\node_modules\npm\bin\npm-cli.js
1 info using npm@10.2.0
2 info using node@v20.8.0
3 timing npm:load:whichnode Completed in 2ms
4 timing config:load:defaults Completed in 2ms
5 timing config:load:file:C:\Users\dylan\AppData\Roaming\npm\node_modules\npm\npmrc Completed in 3ms
6 timing config:load:builtin Completed in 3ms
7 timing config:load:cli Completed in 2ms
8 timing config:load:env Completed in 0ms
9 timing config:load:project Completed in 3ms
10 timing config:load:file:C:\Users\dylan\.npmrc Completed in 0ms
11 timing config:load:user Completed in 0ms
12 timing config:load:file:C:\Users\dylan\AppData\Roaming\npm\etc\npmrc Completed in 0ms
13 timing config:load:global Completed in 0ms
14 timing config:load:setEnvs Completed in 1ms
15 timing config:load Completed in 11ms
16 timing npm:load:configload Completed in 11ms
17 timing config:load:flatten Completed in 1ms
18 timing npm:load:mkdirpcache Completed in 1ms
19 timing npm:load:mkdirplogs Completed in 0ms
20 verbose title npm test
21 verbose argv "test"
22 timing npm:load:setTitle Completed in 0ms
23 timing npm:load:display Completed in 1ms
24 verbose logfile logs-max:10 dir:C:\Users\dylan\AppData\Local\npm-cache\_logs\2023-10-10T04_15_57_074Z-
25 verbose logfile C:\Users\dylan\AppData\Local\npm-cache\_logs\2023-10-10T04_15_57_074Z-debug-0.log
26 timing npm:load:logFile Completed in 9ms
27 timing npm:load:timers Completed in 0ms
28 timing npm:load:configScope Completed in 0ms
29 timing npm:load Completed in 56ms
30 silly logfile start cleaning logs, removing 14 files
31 timing command:run-script Completed in 7ms
32 timing command:test Completed in 17ms
33 verbose stack Error: Missing script: "test"
33 verbose stack
33 verbose stack To see a list of scripts, run:
33 verbose stack   npm run
33 verbose stack     at RunScript.run (C:\Users\dylan\AppData\Roaming\npm\node_modules\npm\lib\commands\run-script.js:94:13)
33 verbose stack     at async module.exports (C:\Users\dylan\AppData\Roaming\npm\node_modules\npm\lib\cli-entry.js:61:5)
34 verbose cwd C:\Users\dylan\OneDrive\Desktop\project1-grp3\assets\js
35 verbose Windows_NT 10.0.22621
36 verbose node v20.8.0
37 verbose npm  v10.2.0
38 error Missing script: "test"
38 error
38 error To see a list of scripts, run:
38 error   npm run
39 verbose exit 1
40 timing npm Completed in 122ms
41 verbose code 1
42 error A complete log of this run can be found in: C:\Users\dylan\AppData\Local\npm-cache\_logs\2023-10-10T04_15_57_074Z-debug-0.log
